$ ./lego-mindstorms-pieces.py missing 31313
370626:5,4100396:1,4111998:12,4120017:8,4121715:35,4128593:4,4128594:2,4128598:17,4140327:12,4141300:4,4142135:10,4142822:10,4142823:6,4142865:2,4143187:2,4173975:4,4175442:14,4177430:2,4184169:6,4184286:4,4185661:6,4188298:8,4189131:1,4189936:4,4206482:8,4211375:6,4211553:2,4211566:1,4211639:3,4211758:4,4211815:8,4211888:4,4225033:6,4227155:9,4234429:6,4239601:1,4246901:2,4254606:4,4255563:3,4299389:4,4494222:3,4495935:6,4499858:4,4502834:2,4508553:2,4514553:8,4514557:1,4522933:4,4530733:2,4540100:1,4540797:1,4542573:4,4544143:1,4545430:3,4547581:3,4547582:3,4558692:1,4558797:3,4558802:3,4560175:2,4560177:4,4562805:4,4629921:2,4630114:2,4645732:8,4656205:4,4657296:6,4666999:3,6006140:6,6009811:1,6013936:4,6014051:1,6015596:1,6015597:1,6024106:1,6024109:1,6031821:2,6031962:1,6083620:2,6093977:2,6132629:1

$ ./lego-mindstorms-pieces.py order --shop de-de --username legouserid --password legopasswd --lego-set 31313 370626:5,4100396:1,4111998:12,4120017:8,4121715:35,4128593:4,4128594:2,4128598:17,4140327:12,4141300:4,4142135:10,4142822:10,4142823:6,4142865:2,4143187:2,4173975:4,4175442:14,4177430:2,4184169:6,4184286:4,4185661:6,4188298:8,4189131:1,4189936:4,4206482:8,4211375:6,4211553:2,4211566:1,4211639:3,4211758:4,4211815:8,4211888:4,4225033:6,4227155:9,4234429:6,4239601:1,4246901:2,4254606:4,4255563:3,4299389:4,4494222:3,4495935:6,4499858:4,4502834:2,4508553:2,4514553:8,4514557:1,4522933:4,4530733:2,4540100:1,4540797:1,4542573:4,4544143:1,4545430:3,4547581:3,4547582:3,4558692:1,4558797:3,4558802:3,4560175:2,4560177:4,4562805:4,4629921:2,4630114:2,4645732:8,4656205:4,4657296:6,4666999:3,6006140:6,6009811:1,6013936:4,6014051:1,6015596:1,6015597:1,6024106:1,6024109:1,6031821:2,6031962:1,6083620:2,6093977:2,6132629:1
Sometimes they ask you to fill in a survey.
We're lucky, no survey on the LEGO shop today!
They want to know how old we are.
Let's log in with LEGO ID legouserid.
We need to tell them which set we want to buy parts from.
Let's scroll the page down a bit, so we can see things better.
That's gonna be crazy: 81 elements to order! Let's rock.

- 5x #370626 
- 1x #4100396 NOTE: item out of stock. 
- 12x #4111998 
- 8x #4120017 
- 35x #4121715 
- 4x #4128593 
- 2x #4128594 
- 17x #4128598 
- 12x #4140327 
- 4x #4141300 
- 10x #4142135 
- 10x #4142822 
- 6x #4142823 
- 2x #4142865 
- 2x #4143187 NOTE: item out of stock. 
- 4x #4173975 
- 14x #4175442 
- 2x #4177430 OOOPS! No LEGO part with that number found in set #31313. :-(
- 6x #4184169 
- 4x #4184286 
- 6x #4185661 
- 8x #4188298 
- 1x #4189131 
- 4x #4189936 
- 8x #4206482 
- 6x #4211375 
- 2x #4211553 
- 1x #4211566 
- 3x #4211639 
- 4x #4211758 
- 8x #4211815 
- 4x #4211888 
- 6x #4225033 
- 9x #4227155 
- 6x #4234429 
- 1x #4239601 WARNING: Could not select desired quantity. 1 != 10
- 2x #4246901 
- 4x #4254606 
- 3x #4255563 
- 4x #4299389 
- 3x #4494222 
- 6x #4495935 
- 4x #4499858 
- 2x #4502834 NOTE: item out of stock. 
- 2x #4508553 
- 8x #4514553 
- 1x #4514557 
- 4x #4522933 
- 2x #4530733 
- 1x #4540100 
- 1x #4540797 
- 4x #4542573 
- 1x #4544143 OOOPS! No LEGO part with that number found in set #31313. :-(
- 3x #4545430 
- 3x #4547581 
- 3x #4547582 
- 1x #4558692 
- 3x #4558797 
- 3x #4558802 
- 2x #4560175 
- 4x #4560177 OOOPS! No LEGO part with that number found in set #31313. :-(
- 4x #4562805 
- 2x #4629921 OOOPS! No LEGO part with that number found in set #31313. :-(
- 2x #4630114 
- 8x #4645732 
- 4x #4656205 
- 6x #4657296 
- 3x #4666999 NOTE: item out of stock. 
- 6x #6006140 
- 1x #6009811 OOOPS! No LEGO part with that number found in set #31313. :-(
- 4x #6013936 
- 1x #6014051 OOOPS! No LEGO part with that number found in set #31313. :-(
- 1x #6015596 OOOPS! No LEGO part with that number found in set #31313. :-(
- 1x #6015597 
- 1x #6024106 
- 1x #6024109 
- 2x #6031821 
- 1x #6031962 OOOPS! No LEGO part with that number found in set #31313. :-(
- 2x #6083620 
- 2x #6093977 
- 1x #6132629 NOTE: item out of stock. 

We're done. You can finalize your order now. Thanks for watching!
(python34-testing)peter@xps13:~/Development/repos/lego-mindstorms-ev3-comparison$ 

