$ ./lego-mindstorms-pieces.py missing 45544
370526:4,370726:2,370826:2,373726:2,4107085:4,4107767:2,4107783:4,4112282:4,4121667:8,4140430:4,4140806:12,4141270:6,4142236:2,4153707:4,4153718:4,4156151:4,4162857:4,4198367:4,4210857:8,4211622:10,4211624:4,4211651:4,4211713:2,4211775:8,4211805:3,4211807:6,4211866:6,4285634:2,4296059:4,4495412:4,4495930:4,4502595:1,4509376:4,4509912:6,4513174:3,4514554:2,4514558:2,4522934:6,4526985:2,4535768:1,4538007:4,4539880:1,4541326:1,4542578:6,4543490:1,4563044:2,4565452:1,4566249:1,4566251:1,4582792:4,4585040:4,4587275:4,4610380:1,4611705:4,4634091:2,4640536:4,4652235:2,4652236:2,4666579:8,6007973:4,6008472:1,6008527:2,6008916:1,6009019:4,6012451:4,6012820:1,6014648:54,6028041:1,6035364:2,6063629:1,6079570:1,6102449:6

$ ./lego-mindstorms-pieces.py order --shop de-de --username legouserid --password legopasswd --lego-set 45544 370526:4,370726:2,370826:2,373726:2,4107085:4,4107767:2,4107783:4,4112282:4,4121667:8,4140430:4,4140806:12,4141270:6,4142236:2,4153707:4,4153718:4,4156151:4,4162857:4,4198367:4,4210857:8,4211622:10,4211624:4,4211651:4,4211713:2,4211775:8,4211805:3,4211807:6,4211866:6,4285634:2,4296059:4,4495412:4,4495930:4,4502595:1,4509376:4,4509912:6,4513174:3,4514554:2,4514558:2,4522934:6,4526985:2,4535768:1,4538007:4,4539880:1,4541326:1,4542578:6,4543490:1,4563044:2,4565452:1,4566249:1,4566251:1,4582792:4,4585040:4,4587275:4,4610380:1,4611705:4,4634091:2,4640536:4,4652235:2,4652236:2,4666579:8,6007973:4,6008472:1,6008527:2,6008916:1,6009019:4,6012451:4,6012820:1,6014648:54,6028041:1,6035364:2,6063629:1,6079570:1,6102449:6
Sometimes they ask you to fill in a survey.
We're lucky, no survey on the LEGO shop today!
They want to know how old we are.
Let's log in with LEGO ID legouserid.
We need to tell them which set we want to buy parts from.
Let's scroll the page down a bit, so we can see things better.
That's gonna be crazy: 72 elements to order! Let's rock.

- 4x #370526 
- 2x #370726 
- 2x #370826 
- 2x #373726 
- 4x #4107085 
- 2x #4107767 
- 4x #4107783 
- 4x #4112282 
- 8x #4121667 NOTE: item out of stock. 
- 4x #4140430 
- 12x #4140806 
- 6x #4141270 
- 2x #4142236 
- 4x #4153707 
- 4x #4153718 
- 4x #4156151 
- 4x #4162857 
- 4x #4198367 
- 8x #4210857 
- 10x #4211622 
- 4x #4211624 
- 4x #4211651 
- 2x #4211713 
- 8x #4211775 
- 3x #4211805 
- 6x #4211807 
- 6x #4211866 
- 2x #4285634 
- 4x #4296059 
- 4x #4495412 
- 4x #4495930 
- 1x #4502595 
- 4x #4509376 
- 6x #4509912 
- 3x #4513174 
- 2x #4514554 
- 2x #4514558 OOOPS! No LEGO part with that number found in set #45544. :-(
- 6x #4522934 
- 2x #4526985 
- 1x #4535768 
- 4x #4538007 
- 1x #4539880 
- 1x #4541326 
- 6x #4542578 
- 1x #4543490 
- 2x #4563044 
- 1x #4565452 
- 1x #4566249 
- 1x #4566251 
- 4x #4582792 
- 4x #4585040 
- 4x #4587275 NOTE: item out of stock. 
- 1x #4610380 
- 4x #4611705 OOOPS! No LEGO part with that number found in set #45544. :-(
- 2x #4634091 
- 4x #4640536 
- 2x #4652235 
- 2x #4652236 
- 8x #4666579 
- 4x #6007973 
- 1x #6008472 OOOPS! No LEGO part with that number found in set #45544. :-(
- 2x #6008527 
- 1x #6008916 OOOPS! No LEGO part with that number found in set #45544. :-(
- 4x #6009019 
- 4x #6012451 
- 1x #6012820 OOOPS! No LEGO part with that number found in set #45544. :-(
- 54x #6014648 
- 1x #6028041 
- 2x #6035364 
- 1x #6063629 OOOPS! No LEGO part with that number found in set #45544. :-(
- 1x #6079570 
- 6x #6102449 OOOPS! No LEGO part with that number found in set #45544. :-(

We're done. You can finalize your order now. Thanks for watching!

